<?xml version="1.0" encoding="UTF-8"?>
<testsuite xmlns:xsi="http://www.w3.org/2001/XMLSchema-instance" xsi:noNamespaceSchemaLocation="https://maven.apache.org/surefire/maven-surefire-plugin/xsd/surefire-test-report.xsd" version="3.0.1" name="kovteba.example1.ObserverTest" time="0.05" tests="6" errors="0" skipped="0" failures="0">
  <properties>
[...]
</properties>
  <testcase name="setTemperature_multipleChanges_observerReceivesEach" classname="kovteba.example1.ObserverTest" time="0.023">
    <system-out><![CDATA[[WeatherStation] Temperature changed to: 10
[WeatherStation] Temperature changed to: 20
[WeatherStation] Temperature changed to: 30
]]></system-out>
  </testcase>
  <testcase name="addObserver_andSetTemperature_notifiesObserver" classname="kovteba.example1.ObserverTest" time="0.001">
    <system-out><![CDATA[[WeatherStation] Temperature changed to: 25
]]></system-out>
  </testcase>
  <testcase name="removeObserver_doesNotReceiveUpdates" classname="kovteba.example1.ObserverTest" time="0.001">
    <system-out><![CDATA[[WeatherStation] Temperature changed to: 30
]]></system-out>
  </testcase>
  <testcase name="phoneDisplay_update_doesNotThrow" classname="kovteba.example1.ObserverTest" time="0.002">
    <system-out><![CDATA[[PhoneDisplay] New temperature: 22°C
]]></system-out>
  </testcase>
  <testcase name="multipleObservers_allNotified" classname="kovteba.example1.ObserverTest" time="0.001">
    <system-out><![CDATA[[WeatherStation] Temperature changed to: 15
]]></system-out>
  </testcase>
  <testcase name="windowDisplay_update_doesNotThrow" classname="kovteba.example1.ObserverTest" time="0.001">
    <system-out><![CDATA[[WindowDisplay] Temperature outside: 18°C
]]></system-out>
  </testcase>
</testsuite>