<?xml version="1.0" encoding="UTF-8"?>
<testsuite xmlns:xsi="http://www.w3.org/2001/XMLSchema-instance" xsi:noNamespaceSchemaLocation="https://maven.apache.org/surefire/maven-surefire-plugin/xsd/surefire-test-report.xsd" version="3.0.1" name="kovteba.example1.StrategyTest" time="0.056" tests="6" errors="0" skipped="0" failures="0">
  <properties>
[...]
</properties>
  <testcase name="paymentContext_withCreditCard_doesNotThrow" classname="kovteba.example1.StrategyTest" time="0.026">
    <system-out><![CDATA[Paid 100.0 using Credit Card: 4111111111111111
]]></system-out>
  </testcase>
  <testcase name="paypalPayment_pay_doesNotThrow" classname="kovteba.example1.StrategyTest" time="0.002">
    <system-out><![CDATA[Paid 300.0 using PayPal account: test@paypal.com
]]></system-out>
  </testcase>
  <testcase name="paymentContext_withPaypal_doesNotThrow" classname="kovteba.example1.StrategyTest" time="0.001">
    <system-out><![CDATA[Paid 50.0 using PayPal account: user@example.com
]]></system-out>
  </testcase>
  <testcase name="paymentContext_withoutStrategy_throwsIllegalState" classname="kovteba.example1.StrategyTest" time="0.001"/>
  <testcase name="paymentContext_changeStrategy_usesNewStrategy" classname="kovteba.example1.StrategyTest" time="0.001">
    <system-out><![CDATA[Paid 10.0 using Credit Card: 1234
Paid 20.0 using PayPal account: other@example.com
]]></system-out>
  </testcase>
  <testcase name="creditCardPayment_pay_doesNotThrow" classname="kovteba.example1.StrategyTest" time="0.001">
    <system-out><![CDATA[Paid 200.0 using Credit Card: 9999
]]></system-out>
  </testcase>
</testsuite>